
ASEM-51 V1.3                                         Copyright (c) 2002 by W.W. Heinz                                         PAGE 1





       MCS-51 Family Macro Assembler   A S E M - 5 1   V 1.3
       =====================================================



	Source File:	C:\Users\84975\Documents\MIDE 8051\Button_counter_Interrupt_89C52.asm
	Object File:	C:\Users\84975\Documents\MIDE 8051\Button_counter_Interrupt_89C52.hex
	List File:	C:\Users\84975\Documents\MIDE 8051\Button_counter_Interrupt_89C52.lst



 Line  I  Addr  Code            Source

    1:				; Button counter : When the button is pressed, the counter increases, 2 LEDs display the number of b
				utton press. When the value is 99, it will come back to 00.
    2:				; Microcontroller : AT89C52
    3:				; Simulation : Proteus
    4:				; Programming language : Assembly
    5:				; Hardware connection : Port 1 is conneted to 2 IC 7447, which decode for 2 LEDs. Pin 3.2 (INT0) of
				port 3 is connected to the button. The interrupt service will be activated when the button is presse
				d.
    6:				; The button is grounded through a 10K resister. If the button is not pressed, pin 0.0 is LOW. If th
				e button is pressed, pin 0.0 is HIGH.
    7:		N      0000	ORG 0000H
    8:	  0000	02 00 30	LJMP MAIN
    9:		N      0003	ORG 0003H ; INT0 interrupt service routine (ISR)
   10:	  0003	0B				INC R3
   11:	  0004	12 00 3B			CALL BCD_DECODE
   12:	  0007	EB				MOV A, R3
   13:	  0008	F5 90				MOV P1,A
   14:	  000A	12 00 4F			CALL DELAY_1S
   15:	  000D	32				RETI
   16:		N      0030	ORG 0030H
   17:	  0030			MAIN :
   18:	  0030	7B 00				MOV R3,#0 ; R3 is a button counter
   19:	  0032	75 A8 81			MOV IE,#81H; enable global interrupt and INT0 ISR
   20:	  0035	74 00				MOV A, #0
   21:	  0037	F5 90				MOV P1, A ; display 00 on 2 LEDs when start
   22:	  0039	80 FE		DISPLAY : 	SJMP DISPLAY ; forever loop here
   23:				; BCD Decoder
   24:	  003B			BCD_DECODE :
   25:	  003B	EB				MOV A, R3
   26:	  003C	54 0F				ANL A, #0FH
   27:	  003E	94 09				SUBB A, #9 ; check 4 low bits
   28:	  0040	40 08				JC END_BCD
   29:	  0042	EB				MOV A, R3 ; if 4 low bits larger than 9
   30:	  0043	24 06				ADD A, #6 ; BCD conversion
   31:	  0045	FB				MOV R3, A
   32:	  0046	94 9A				SUBB A, #154 ; check for value larger than 99
   33:	  0048	50 01				JNC RESTART ; back to 00
   34:	  004A	22		END_BCD : 	RET
   35:	  004B	74 00		RESTART : 	MOV A, #0
   36:	  004D	FB				MOV R3, A
   37:	  004E	22				RET
   38:				; Delay function : 1 second
   39:	  004F			DELAY_1S :

ASEM-51 V1.3                                         Copyright (c) 2002 by W.W. Heinz                                         PAGE 2



 Line  I  Addr  Code            Source

   40:	  004F	78 05			  MOV R0,#5
   41:	  0051	79 C8		LOOP3	: MOV R1,#200
   42:	  0053	7A C8		LOOP2 	: MOV R2,#200
   43:	  0055	00		LOOP1	: NOP
   44:	  0056	DA FD			  DJNZ R2, LOOP1
   45:	  0058	D9 F9			  DJNZ R1, LOOP2
   46:	  005A	D8 F5			  DJNZ R0, LOOP3
   47:	  005C	22			  RET
   48:				END





                     register banks used:  ---

                     no errors




ASEM-51 V1.3                                         Copyright (c) 2002 by W.W. Heinz                                         PAGE 3





	       L I S T   O F   S Y M B O L S
	       =============================


SYMBOL				  TYPE     VALUE	LINE
------------------------------------------------------------
??ASEM_51			  NUMBER    8051
??VERSION			  NUMBER    0130
AC				  BIT	      D6
ACC				  DATA	      E0
B				  DATA	      F0
BCD_DECODE			  CODE	    003B	  24
CY				  BIT	      D7
DELAY_1S			  CODE	    004F	  39
DISPLAY				  CODE	    0039	  22
DPH				  DATA	      83
DPL				  DATA	      82
EA				  BIT	      AF
END_BCD				  CODE	    004A	  34
ES				  BIT	      AC
ET0				  BIT	      A9
ET1				  BIT	      AB
EX0				  BIT	      A8
EX1				  BIT	      AA
EXTI0				  CODE	    0003
EXTI1				  CODE	    0013
F0				  BIT	      D5
IE				  DATA	      A8
IE0				  BIT	      89
IE1				  BIT	      8B
INT0				  BIT	      B2
INT1				  BIT	      B3
IP				  DATA	      B8
IT0				  BIT	      88
IT1				  BIT	      8A
LOOP1				  CODE	    0055	  43
LOOP2				  CODE	    0053	  42
LOOP3				  CODE	    0051	  41
MAIN				  CODE	    0030	  17
OV				  BIT	      D2
P				  BIT	      D0
P0				  DATA	      80
P1				  DATA	      90
P2				  DATA	      A0
P3				  DATA	      B0
PCON				  DATA	      87
PS				  BIT	      BC
PSW				  DATA	      D0
PT0				  BIT	      B9
PT1				  BIT	      BB
PX0				  BIT	      B8
PX1				  BIT	      BA
RB8				  BIT	      9A
RD				  BIT	      B7
REN				  BIT	      9C
RESET				  CODE	    0000

ASEM-51 V1.3                                         Copyright (c) 2002 by W.W. Heinz                                         PAGE 4



SYMBOL				  TYPE     VALUE	LINE
------------------------------------------------------------
RESTART				  CODE	    004B	  35
RI				  BIT	      98
RS0				  BIT	      D3
RS1				  BIT	      D4
RXD				  BIT	      B0
SBUF				  DATA	      99
SCON				  DATA	      98
SINT				  CODE	    0023
SM0				  BIT	      9F
SM1				  BIT	      9E
SM2				  BIT	      9D
SP				  DATA	      81
T0				  BIT	      B4
T1				  BIT	      B5
TB8				  BIT	      9B
TCON				  DATA	      88
TF0				  BIT	      8D
TF1				  BIT	      8F
TH0				  DATA	      8C
TH1				  DATA	      8D
TI				  BIT	      99
TIMER0				  CODE	    000B
TIMER1				  CODE	    001B
TL0				  DATA	      8A
TL1				  DATA	      8B
TMOD				  DATA	      89
TR0				  BIT	      8C
TR1				  BIT	      8E
TXD				  BIT	      B1
WR				  BIT	      B6
