
ASEM-51 V1.3                                         Copyright (c) 2002 by W.W. Heinz                                         PAGE 1





       MCS-51 Family Macro Assembler   A S E M - 5 1   V 1.3
       =====================================================



	Source File:	C:\Users\84975\Documents\MIDE 8051\Button_counter_Timer0.asm
	Object File:	C:\Users\84975\Documents\MIDE 8051\Button_counter_Timer0.hex
	List File:	C:\Users\84975\Documents\MIDE 8051\Button_counter_Timer0.lst



 Line  I  Addr  Code            Source

    1:				; Button counter : When the button is pressed, the counter increases, 2 LEDs display the number of b
				utton press. When the value is 99, it will come back to 00.
    2:				; Microcontroller : AT89C52
    3:				; Simulation : Proteus
    4:				; Programming language : Assembly
    5:				; Hardware connection : Port 1 is conneted to 2 IC 7447, which decode for 2 LEDs. Pin 3.4 (T0) of po
				rt 3 is connected to the button.
    6:				; The button is grounded through a 10K resister. If the button is not pressed, pin 3.4 is HIGH. If t
				he button is pressed, pin 3.4 is LOW.
    7:				; Counter 0 will increase when the button is pressed. (Counter 0 detects the negative transition fro
				m HIGH to LOW)
    8:		N      0000	ORG 0000H
    9:	  0000			MAIN :
   10:	  0000	7B 00				MOV R3,#0 ; R3 is a button counter
   11:	  0002	74 00				MOV A, #0
   12:	  0004	F5 90				MOV P1, A ; display 00 on 2 LEDs when start
   13:	  0006	75 89 07			MOV TMOD, #07H; Counter 0 is in mode 3.
   14:	  0009	75 8A 00			MOV TL0, #0 ; Initialize counter
   15:	  000C	D2 8C				SETB TR0 ; Counter 0 is running
   16:	  000E	AB 8A		DISPLAY : 	MOV R3, TL0 ; TL0 is counter number
   17:	  0010	12 00 1B			CALL BCD_DECODE
   18:	  0013	EB				MOV A, R3
   19:	  0014	F5 90				MOV P1, A ; Display on 2 LEDs
   20:	  0016	12 00 31			CALL DELAY_1S
   21:	  0019	80 F3				SJMP DISPLAY
   22:				; BCD Decoder
   23:	  001B			BCD_DECODE :
   24:	  001B	EB				MOV A, R3
   25:	  001C	54 0F				ANL A, #0FH
   26:	  001E	94 09				SUBB A, #9 ; check 4 low bits
   27:	  0020	40 08				JC END_BCD
   28:	  0022	EB				MOV A, R3 ; if 4 low bits larger than 9
   29:	  0023	24 06				ADD A, #6 ; BCD conversion
   30:	  0025	FB				MOV R3, A
   31:	  0026	94 9A				SUBB A, #154 ; check for value larger than 99
   32:	  0028	50 01				JNC RESTART ; back to 00
   33:	  002A	22		END_BCD : 	RET
   34:	  002B	7B 00		RESTART : 	MOV R3, #0
   35:	  002D	75 8A 00			MOV TL0,#0
   36:	  0030	22				RET
   37:				; Delay function : 1 second
   38:	  0031			DELAY_1S :
   39:	  0031	78 01			  MOV R0,#1

ASEM-51 V1.3                                         Copyright (c) 2002 by W.W. Heinz                                         PAGE 2



 Line  I  Addr  Code            Source

   40:	  0033	79 C8		LOOP3	: MOV R1,#200
   41:	  0035	7A C8		LOOP2 	: MOV R2,#200
   42:	  0037	00		LOOP1	: NOP
   43:	  0038	DA FD			  DJNZ R2, LOOP1
   44:	  003A	D9 F9			  DJNZ R1, LOOP2
   45:	  003C	D8 F5			  DJNZ R0, LOOP3
   46:	  003E	22			  RET
   47:				END





                     register banks used:  ---

                     no errors




ASEM-51 V1.3                                         Copyright (c) 2002 by W.W. Heinz                                         PAGE 3





	       L I S T   O F   S Y M B O L S
	       =============================


SYMBOL				  TYPE     VALUE	LINE
------------------------------------------------------------
??ASEM_51			  NUMBER    8051
??VERSION			  NUMBER    0130
AC				  BIT	      D6
ACC				  DATA	      E0
B				  DATA	      F0
BCD_DECODE			  CODE	    001B	  23
CY				  BIT	      D7
DELAY_1S			  CODE	    0031	  38
DISPLAY				  CODE	    000E	  16
DPH				  DATA	      83
DPL				  DATA	      82
EA				  BIT	      AF
END_BCD				  CODE	    002A	  33
ES				  BIT	      AC
ET0				  BIT	      A9
ET1				  BIT	      AB
EX0				  BIT	      A8
EX1				  BIT	      AA
EXTI0				  CODE	    0003
EXTI1				  CODE	    0013
F0				  BIT	      D5
IE				  DATA	      A8
IE0				  BIT	      89
IE1				  BIT	      8B
INT0				  BIT	      B2
INT1				  BIT	      B3
IP				  DATA	      B8
IT0				  BIT	      88
IT1				  BIT	      8A
LOOP1				  CODE	    0037	  42
LOOP2				  CODE	    0035	  41
LOOP3				  CODE	    0033	  40
MAIN				  CODE	    0000	   9
OV				  BIT	      D2
P				  BIT	      D0
P0				  DATA	      80
P1				  DATA	      90
P2				  DATA	      A0
P3				  DATA	      B0
PCON				  DATA	      87
PS				  BIT	      BC
PSW				  DATA	      D0
PT0				  BIT	      B9
PT1				  BIT	      BB
PX0				  BIT	      B8
PX1				  BIT	      BA
RB8				  BIT	      9A
RD				  BIT	      B7
REN				  BIT	      9C
RESET				  CODE	    0000

ASEM-51 V1.3                                         Copyright (c) 2002 by W.W. Heinz                                         PAGE 4



SYMBOL				  TYPE     VALUE	LINE
------------------------------------------------------------
RESTART				  CODE	    002B	  34
RI				  BIT	      98
RS0				  BIT	      D3
RS1				  BIT	      D4
RXD				  BIT	      B0
SBUF				  DATA	      99
SCON				  DATA	      98
SINT				  CODE	    0023
SM0				  BIT	      9F
SM1				  BIT	      9E
SM2				  BIT	      9D
SP				  DATA	      81
T0				  BIT	      B4
T1				  BIT	      B5
TB8				  BIT	      9B
TCON				  DATA	      88
TF0				  BIT	      8D
TF1				  BIT	      8F
TH0				  DATA	      8C
TH1				  DATA	      8D
TI				  BIT	      99
TIMER0				  CODE	    000B
TIMER1				  CODE	    001B
TL0				  DATA	      8A
TL1				  DATA	      8B
TMOD				  DATA	      89
TR0				  BIT	      8C
TR1				  BIT	      8E
TXD				  BIT	      B1
WR				  BIT	      B6
