
ASEM-51 V1.3                                         Copyright (c) 2002 by W.W. Heinz                                         PAGE 1





       MCS-51 Family Macro Assembler   A S E M - 5 1   V 1.3
       =====================================================



	Source File:	C:\Users\84975\Documents\MIDE 8051\LED_blinking_Timer0.asm
	Object File:	C:\Users\84975\Documents\MIDE 8051\LED_blinking_Timer0.hex
	List File:	C:\Users\84975\Documents\MIDE 8051\LED_blinking_Timer0.lst



 Line  I  Addr  Code            Source

    1:				; LED Blinking : After 100 mili-second, LED will blink.
    2:				; Microcontroller : AT89C52
    3:				; Simulation : Proteus
    4:				; Programming language : Assembly
    5:				; Hardware connection : Pin 1.2 is connected to LED. Timer 0 working in mode 1 (16-bit timer) will d
				etermine the exact delay time.
    6:				; System clock : fclk = 12 MHz -> f(timer) = 2/6 = 1/3 MHz -> clock cycle = 3 us
    7:				; 100ms = 10^5 us = 33333.33 clock cycle
    8:				; Timer register (TH0-TL0) : maximum value (FFFF) = 2^16-1 = 65535
    9:				; Initial value : 65535 - 33333 = 32202 -> 7DCA
   10:		N      0000	ORG 0000H
   11:	  0000			MAIN :
   12:	  0000	75 89 01		MOV TMOD, #01H ; Timer 0 in mode 1
   13:	  0003	D2 92		LOOP : 	SETB P1.2 ; LED is on
   14:	  0005	12 00 0F		CALL DELAY_100MS
   15:	  0008	C2 92			CLR P1.2
   16:	  000A	12 00 0F		CALL DELAY_100MS
   17:	  000D	80 F4			SJMP LOOP
   18:				; Delay function
   19:	  000F			DELAY_100MS :
   20:	  000F	75 8C 7D		MOV TH0, #7DH
   21:	  0012	75 8A CA		MOV TL0, #0CAH
   22:	  0015	D2 8C			SETB TR0
   23:	  0017	30 8D FD	WAIT :  JNB TF0, WAIT ; waiting for Timer 0 overflow
   24:	  001A	C2 8C			CLR TR0  ; stop Timer 0
   25:	  001C	C2 8D			CLR TF0  ; clear overflow bit
   26:	  001E	22			RET
   27:				END





                     register banks used:  ---

                     no errors




ASEM-51 V1.3                                         Copyright (c) 2002 by W.W. Heinz                                         PAGE 2





	       L I S T   O F   S Y M B O L S
	       =============================


SYMBOL				  TYPE     VALUE	LINE
------------------------------------------------------------
??ASEM_51			  NUMBER    8051
??VERSION			  NUMBER    0130
AC				  BIT	      D6
ACC				  DATA	      E0
B				  DATA	      F0
CY				  BIT	      D7
DELAY_100MS			  CODE	    000F	  19
DPH				  DATA	      83
DPL				  DATA	      82
EA				  BIT	      AF
ES				  BIT	      AC
ET0				  BIT	      A9
ET1				  BIT	      AB
EX0				  BIT	      A8
EX1				  BIT	      AA
EXTI0				  CODE	    0003
EXTI1				  CODE	    0013
F0				  BIT	      D5
IE				  DATA	      A8
IE0				  BIT	      89
IE1				  BIT	      8B
INT0				  BIT	      B2
INT1				  BIT	      B3
IP				  DATA	      B8
IT0				  BIT	      88
IT1				  BIT	      8A
LOOP				  CODE	    0003	  13
MAIN				  CODE	    0000	  11
OV				  BIT	      D2
P				  BIT	      D0
P0				  DATA	      80
P1				  DATA	      90
P2				  DATA	      A0
P3				  DATA	      B0
PCON				  DATA	      87
PS				  BIT	      BC
PSW				  DATA	      D0
PT0				  BIT	      B9
PT1				  BIT	      BB
PX0				  BIT	      B8
PX1				  BIT	      BA
RB8				  BIT	      9A
RD				  BIT	      B7
REN				  BIT	      9C
RESET				  CODE	    0000
RI				  BIT	      98
RS0				  BIT	      D3
RS1				  BIT	      D4
RXD				  BIT	      B0
SBUF				  DATA	      99

ASEM-51 V1.3                                         Copyright (c) 2002 by W.W. Heinz                                         PAGE 3



SYMBOL				  TYPE     VALUE	LINE
------------------------------------------------------------
SCON				  DATA	      98
SINT				  CODE	    0023
SM0				  BIT	      9F
SM1				  BIT	      9E
SM2				  BIT	      9D
SP				  DATA	      81
T0				  BIT	      B4
T1				  BIT	      B5
TB8				  BIT	      9B
TCON				  DATA	      88
TF0				  BIT	      8D
TF1				  BIT	      8F
TH0				  DATA	      8C
TH1				  DATA	      8D
TI				  BIT	      99
TIMER0				  CODE	    000B
TIMER1				  CODE	    001B
TL0				  DATA	      8A
TL1				  DATA	      8B
TMOD				  DATA	      89
TR0				  BIT	      8C
TR1				  BIT	      8E
TXD				  BIT	      B1
WAIT				  CODE	    0017	  23
WR				  BIT	      B6
