
ASEM-51 V1.3                                         Copyright (c) 2002 by W.W. Heinz                                         PAGE 1





       MCS-51 Family Macro Assembler   A S E M - 5 1   V 1.3
       =====================================================



	Source File:	C:\Users\84975\Documents\MIDE 8051\Pulse_width_control.asm
	Object File:	C:\Users\84975\Documents\MIDE 8051\Pulse_width_control.hex
	List File:	C:\Users\84975\Documents\MIDE 8051\Pulse_width_control.lst



 Line  I  Addr  Code            Source

    1:				; Pulse width control : The pulse width is controlled by Timer 0 in mode 2.
    2:				; Microcontroller : AT89C52
    3:				; Simulation : Proteus
    4:				; Programming language : Assembly
    5:				; Hardware connection : Pin 1.2 is connected to LED. Timer 0 working in mode 2 (16-bit timer) will d
				etermine the pulse width.
    6:				; System clock : fclk = 2 MHz -> f(timer) = 2/6 = 1/3 MHz -> clock cycle = 3 us
    7:				; TL0 is counting register, maximum value = 2^8-1 = 127
    8:				; TH0 = N -> pulse width = (127-N)* 3us =
    9:		N      0000	ORG 0000H
   10:	  0000			MAIN :
   11:	  0000	75 89 02		MOV TMOD, #02H ; Timer 0 is working in mode 2
   12:	  0003	75 8C 6B		MOV TH0, #107
   13:	  0006	D2 8C			SETB TR0 ; Timer 0 starts to run
   14:	  0008	D2 92			SETB P1.2
   15:	  000A	30 8D FD	WAIT :  JNB TF0, WAIT ; waiting for Timer 0 overflow
   16:	  000D	C2 8D			CLR TF0 ; restart Timer 0
   17:	  000F	B2 92			CPL P1.2
   18:	  0011	80 F7			SJMP WAIT
   19:				END





                     register banks used:  ---

                     no errors




ASEM-51 V1.3                                         Copyright (c) 2002 by W.W. Heinz                                         PAGE 2





	       L I S T   O F   S Y M B O L S
	       =============================


SYMBOL				  TYPE     VALUE	LINE
------------------------------------------------------------
??ASEM_51			  NUMBER    8051
??VERSION			  NUMBER    0130
AC				  BIT	      D6
ACC				  DATA	      E0
B				  DATA	      F0
CY				  BIT	      D7
DPH				  DATA	      83
DPL				  DATA	      82
EA				  BIT	      AF
ES				  BIT	      AC
ET0				  BIT	      A9
ET1				  BIT	      AB
EX0				  BIT	      A8
EX1				  BIT	      AA
EXTI0				  CODE	    0003
EXTI1				  CODE	    0013
F0				  BIT	      D5
IE				  DATA	      A8
IE0				  BIT	      89
IE1				  BIT	      8B
INT0				  BIT	      B2
INT1				  BIT	      B3
IP				  DATA	      B8
IT0				  BIT	      88
IT1				  BIT	      8A
MAIN				  CODE	    0000	  10
OV				  BIT	      D2
P				  BIT	      D0
P0				  DATA	      80
P1				  DATA	      90
P2				  DATA	      A0
P3				  DATA	      B0
PCON				  DATA	      87
PS				  BIT	      BC
PSW				  DATA	      D0
PT0				  BIT	      B9
PT1				  BIT	      BB
PX0				  BIT	      B8
PX1				  BIT	      BA
RB8				  BIT	      9A
RD				  BIT	      B7
REN				  BIT	      9C
RESET				  CODE	    0000
RI				  BIT	      98
RS0				  BIT	      D3
RS1				  BIT	      D4
RXD				  BIT	      B0
SBUF				  DATA	      99
SCON				  DATA	      98
SINT				  CODE	    0023

ASEM-51 V1.3                                         Copyright (c) 2002 by W.W. Heinz                                         PAGE 3



SYMBOL				  TYPE     VALUE	LINE
------------------------------------------------------------
SM0				  BIT	      9F
SM1				  BIT	      9E
SM2				  BIT	      9D
SP				  DATA	      81
T0				  BIT	      B4
T1				  BIT	      B5
TB8				  BIT	      9B
TCON				  DATA	      88
TF0				  BIT	      8D
TF1				  BIT	      8F
TH0				  DATA	      8C
TH1				  DATA	      8D
TI				  BIT	      99
TIMER0				  CODE	    000B
TIMER1				  CODE	    001B
TL0				  DATA	      8A
TL1				  DATA	      8B
TMOD				  DATA	      89
TR0				  BIT	      8C
TR1				  BIT	      8E
TXD				  BIT	      B1
WAIT				  CODE	    000A	  15
WR				  BIT	      B6
