
ASEM-51 V1.3                                         Copyright (c) 2002 by W.W. Heinz                                         PAGE 1





       MCS-51 Family Macro Assembler   A S E M - 5 1   V 1.3
       =====================================================



	Source File:	C:\Users\84975\Documents\MIDE 8051\LED_Blinking_89C52.asm
	Object File:	C:\Users\84975\Documents\MIDE 8051\LED_Blinking_89C52.hex
	List File:	C:\Users\84975\Documents\MIDE 8051\LED_Blinking_89C52.lst



 Line  I  Addr  Code            Source

    1:				; LED Blinking : After 1 second, LED will blink.
    2:				; Microcontroller : AT89C52
    3:				; Simulation : Proteus
    4:				; Programming language : Assembly
    5:				; Hardware connection : Pin 1.2 is connected to LED.
    6:		N      0000	ORG 0000H
    7:	  0000			MAIN :
    8:	  0000	D2 92			SETB P1.2
    9:	  0002	11 0A			ACALL DELAY_1S
   10:	  0004	C2 92			CLR P1.2
   11:	  0006	11 0A			ACALL DELAY_1S
   12:	  0008	80 F6			SJMP MAIN
   13:				; Delay function : 1 second
   14:	  000A			DELAY_1S :
   15:	  000A	78 0A			  MOV R0,#10
   16:	  000C	79 C8		LOOP3	: MOV R1,#200
   17:	  000E	7A C8		LOOP2 	: MOV R2,#200
   18:	  0010	00		LOOP1	: NOP
   19:	  0011	DA FD			  DJNZ R2, LOOP1
   20:	  0013	D9 F9			  DJNZ R1, LOOP2
   21:	  0015	D8 F5			  DJNZ R0, LOOP3
   22:	  0017	22			  RET
   23:				; LOOP1 : (1.2+2.4)x(R2-1)+1.2 = 717.6 us
   24:				; LOOP2 : (1.2+717.6)x(R1-1)+1.2 = 143043 us
   25:				; LOOP3 : (1.2+143043)x(R0-1)+1.2 = 1000000us ->
   26:				END





                     register banks used:  ---

                     no errors




ASEM-51 V1.3                                         Copyright (c) 2002 by W.W. Heinz                                         PAGE 2





	       L I S T   O F   S Y M B O L S
	       =============================


SYMBOL				  TYPE     VALUE	LINE
------------------------------------------------------------
??ASEM_51			  NUMBER    8051
??VERSION			  NUMBER    0130
AC				  BIT	      D6
ACC				  DATA	      E0
B				  DATA	      F0
CY				  BIT	      D7
DELAY_1S			  CODE	    000A	  14
DPH				  DATA	      83
DPL				  DATA	      82
EA				  BIT	      AF
ES				  BIT	      AC
ET0				  BIT	      A9
ET1				  BIT	      AB
EX0				  BIT	      A8
EX1				  BIT	      AA
EXTI0				  CODE	    0003
EXTI1				  CODE	    0013
F0				  BIT	      D5
IE				  DATA	      A8
IE0				  BIT	      89
IE1				  BIT	      8B
INT0				  BIT	      B2
INT1				  BIT	      B3
IP				  DATA	      B8
IT0				  BIT	      88
IT1				  BIT	      8A
LOOP1				  CODE	    0010	  18
LOOP2				  CODE	    000E	  17
LOOP3				  CODE	    000C	  16
MAIN				  CODE	    0000	   7
OV				  BIT	      D2
P				  BIT	      D0
P0				  DATA	      80
P1				  DATA	      90
P2				  DATA	      A0
P3				  DATA	      B0
PCON				  DATA	      87
PS				  BIT	      BC
PSW				  DATA	      D0
PT0				  BIT	      B9
PT1				  BIT	      BB
PX0				  BIT	      B8
PX1				  BIT	      BA
RB8				  BIT	      9A
RD				  BIT	      B7
REN				  BIT	      9C
RESET				  CODE	    0000
RI				  BIT	      98
RS0				  BIT	      D3
RS1				  BIT	      D4

ASEM-51 V1.3                                         Copyright (c) 2002 by W.W. Heinz                                         PAGE 3



SYMBOL				  TYPE     VALUE	LINE
------------------------------------------------------------
RXD				  BIT	      B0
SBUF				  DATA	      99
SCON				  DATA	      98
SINT				  CODE	    0023
SM0				  BIT	      9F
SM1				  BIT	      9E
SM2				  BIT	      9D
SP				  DATA	      81
T0				  BIT	      B4
T1				  BIT	      B5
TB8				  BIT	      9B
TCON				  DATA	      88
TF0				  BIT	      8D
TF1				  BIT	      8F
TH0				  DATA	      8C
TH1				  DATA	      8D
TI				  BIT	      99
TIMER0				  CODE	    000B
TIMER1				  CODE	    001B
TL0				  DATA	      8A
TL1				  DATA	      8B
TMOD				  DATA	      89
TR0				  BIT	      8C
TR1				  BIT	      8E
TXD				  BIT	      B1
WR				  BIT	      B6
